running egg_info
writing ../../build/drone_line_follower/drone_line_follower.egg-info/PKG-INFO
writing dependency_links to ../../build/drone_line_follower/drone_line_follower.egg-info/dependency_links.txt
writing requirements to ../../build/drone_line_follower/drone_line_follower.egg-info/requires.txt
writing top-level names to ../../build/drone_line_follower/drone_line_follower.egg-info/top_level.txt
reading manifest file '../../build/drone_line_follower/drone_line_follower.egg-info/SOURCES.txt'
writing manifest file '../../build/drone_line_follower/drone_line_follower.egg-info/SOURCES.txt'
running build
running build_py
copying drone_line_follower/line_follower_node.py -> /home/bwsi/draft_linefollowing/build/drone_line_follower/build/lib/drone_line_follower
running install
running install_lib
copying /home/bwsi/draft_linefollowing/build/drone_line_follower/build/lib/drone_line_follower/line_follower_node.py -> /home/bwsi/draft_linefollowing/install/drone_line_follower/lib/python3.12/site-packages/drone_line_follower
byte-compiling /home/bwsi/draft_linefollowing/install/drone_line_follower/lib/python3.12/site-packages/drone_line_follower/line_follower_node.py to line_follower_node.cpython-312.pyc
running install_data
running install_egg_info
removing '/home/bwsi/draft_linefollowing/install/drone_line_follower/lib/python3.12/site-packages/drone_line_follower-0.0.0-py3.12.egg-info' (and everything under it)
Copying ../../build/drone_line_follower/drone_line_follower.egg-info to /home/bwsi/draft_linefollowing/install/drone_line_follower/lib/python3.12/site-packages/drone_line_follower-0.0.0-py3.12.egg-info
running install_scripts
writing list of installed files to '/home/bwsi/draft_linefollowing/build/drone_line_follower/install.log'
